<?xml version="1.0" encoding="UTF-8"?>
<!-- Generated by org.testng.reporters.JUnitReportReporter -->
<testsuite hostname="AZJ-L-CQVHNN3" failures="0" tests="2" name="tests.BaseClass" time="25.344" errors="0" timestamp="2024-11-16T04:14:56 GMT-06:00" skipped="0">
  <testcase classname="tests.BaseClass" name="verifyRegister" time="14.516"/>
  <testcase classname="tests.BaseClass" name="verifyRegister1" time="10.828"/>
</testsuite> <!-- tests.BaseClass -->
