<?xml version="1.0" encoding="UTF-8"?>
<!-- Generated by org.testng.reporters.JUnitReportReporter -->
<testsuite hostname="AZJ-L-CQVHNN3" failures="0" tests="2" name="tests.BaseClass" time="13.055" errors="0" timestamp="2024-11-16T01:37:59 GMT-06:00" skipped="0">
  <testcase classname="tests.BaseClass" name="verifyRegister" time="7.563"/>
  <testcase classname="tests.BaseClass" name="verifyRegister1" time="5.492"/>
</testsuite> <!-- tests.BaseClass -->
